<?xml version="1.0" encoding="UTF-8" ?>
<testsuite tests="12" failures="0" name="com.sorting.TestingHeapSort" time="0.148" errors="0" skipped="0">
  <properties>
    <property name="idea.version" value="2021.2"/>
    <property name="java.runtime.name" value="Java(TM) SE Runtime Environment"/>
    <property name="java.vm.version" value="17.0.1+12-LTS-39"/>
    <property name="sun.boot.library.path" value="C:\Program Files\Java\jdk-17.0.1\bin"/>
    <property name="maven.multiModuleProjectDirectory" value="D:\мусор\Програмування\Java\IDEA\Algorithms\Sort"/>
    <property name="java.vm.vendor" value="Oracle Corporation"/>
    <property name="java.vendor.url" value="https://java.oracle.com/"/>
    <property name="guice.disable.misplaced.annotation.check" value="true"/>
    <property name="path.separator" value=";"/>
    <property name="java.vm.name" value="Java HotSpot(TM) 64-Bit Server VM"/>
    <property name="sun.os.patch.level" value=""/>
    <property name="user.script" value=""/>
    <property name="user.country" value="US"/>
    <property name="sun.java.launcher" value="SUN_STANDARD"/>
    <property name="java.vm.specification.name" value="Java Virtual Machine Specification"/>
    <property name="user.dir" value="D:\мусор\Програмування\Java\IDEA\Algorithms\Sort"/>
    <property name="java.vm.compressedOopsMode" value="Zero based"/>
    <property name="java.runtime.version" value="17.0.1+12-LTS-39"/>
    <property name="os.arch" value="amd64"/>
    <property name="java.io.tmpdir" value="C:\Users\user\AppData\Local\Temp\"/>
    <property name="line.separator" value="
"/>
    <property name="java.vm.specification.vendor" value="Oracle Corporation"/>
    <property name="user.variant" value=""/>
    <property name="os.name" value="Windows 10"/>
    <property name="maven.ext.class.path" value="D:\Downloads\IntelliJ Idea 21021.02\IntelliJ IDEA Community Edition 2021.2\plugins\maven\lib\maven-event-listener.jar"/>
    <property name="classworlds.conf" value="D:\Downloads\IntelliJ Idea 21021.02\IntelliJ IDEA Community Edition 2021.2\plugins\maven\lib\maven3\bin\m2.conf"/>
    <property name="sun.jnu.encoding" value="Cp1251"/>
    <property name="java.library.path" value="C:\Program Files\Java\jdk-17.0.1\bin;C:\Windows\Sun\Java\bin;C:\Windows\system32;C:\Windows;C:\Program Files\Microsoft MPI\Bin\;C:\Program Files\Common Files\Oracle\Java\javapath;C:\Windows\system32;C:\Windows;C:\Windows\System32\Wbem;C:\Windows\System32\WindowsPowerShell\v1.0\;C:\Windows\System32\OpenSSH\;C:\Program Files (x86)\Zillya Antivirus\;C:\Program Files\Java\jdk-16.0.2\bin;C:\Program Files\Git\cmd;D:\Downloads\SQLServer\150\Tools\Binn\;D:\Downloads\Mathcad15\newFolder\bin;C:\Users\user\AppData\Roaming\Microsoft\Windows\Start Menu\Programs\Python 3.10;D:\Downloads\Python;D:\Downloads\Maven\apache-maven-3.8.5\bin;D:\Downloads\Python\Scripts\;D:\Downloads\Python\;C:\Users\user\AppData\Local\Programs\Python\Launcher\;C:\Users\user\AppData\Local\Microsoft\WindowsApps;D:\CodeBlocks\Microsoft VS Code\bin;D:\Downloads\IntelliJ Idea 21021.02\IntelliJ IDEA Community Edition 2021.2\bin;;D:\Downloads\VSCode\Microsoft VS Code\bin;C:\Users\user\AppData\Local\GitHubDesktop\bin;D:\Downloads\VSCode\MinGW\bin;D:\Downloads\C#Rider\JetBrains Rider 2021.3.3\bin;;;."/>
    <property name="maven.conf" value="D:\Downloads\IntelliJ Idea 21021.02\IntelliJ IDEA Community Edition 2021.2\plugins\maven\lib\maven3/conf"/>
    <property name="jdk.debug" value="release"/>
    <property name="java.class.version" value="61.0"/>
    <property name="java.specification.name" value="Java Platform API Specification"/>
    <property name="sun.management.compiler" value="HotSpot 64-Bit Tiered Compilers"/>
    <property name="os.version" value="10.0"/>
    <property name="user.home" value="C:\Users\user"/>
    <property name="user.timezone" value="Europe/Kiev"/>
    <property name="file.encoding" value="UTF-8"/>
    <property name="java.specification.version" value="17"/>
    <property name="user.name" value="Oleksii_Drabchak"/>
    <property name="java.class.path" value="D:\Downloads\IntelliJ Idea 21021.02\IntelliJ IDEA Community Edition 2021.2\plugins\maven\lib\maven3\boot\plexus-classworlds-2.6.0.jar;D:\Downloads\IntelliJ Idea 21021.02\IntelliJ IDEA Community Edition 2021.2\plugins\maven\lib\maven3\boot\plexus-classworlds.license"/>
    <property name="java.vm.specification.version" value="17"/>
    <property name="sun.arch.data.model" value="64"/>
    <property name="sun.java.command" value="org.codehaus.classworlds.Launcher -Didea.version=2021.2 test"/>
    <property name="java.home" value="C:\Program Files\Java\jdk-17.0.1"/>
    <property name="user.language" value="en"/>
    <property name="java.specification.vendor" value="Oracle Corporation"/>
    <property name="java.vm.info" value="mixed mode, sharing"/>
    <property name="java.version" value="17.0.1"/>
    <property name="native.encoding" value="Cp1252"/>
    <property name="java.vendor" value="Oracle Corporation"/>
    <property name="maven.home" value="D:\Downloads\IntelliJ Idea 21021.02\IntelliJ IDEA Community Edition 2021.2\plugins\maven\lib\maven3"/>
    <property name="file.separator" value="\"/>
    <property name="java.version.date" value="2021-10-19"/>
    <property name="java.vendor.url.bug" value="https://bugreport.java.com/bugreport/"/>
    <property name="sun.io.unicode.encoding" value="UnicodeLittle"/>
    <property name="sun.cpu.endian" value="little"/>
    <property name="sun.cpu.isalist" value="amd64"/>
  </properties>
  <testcase classname="com.sorting.TestingHeapSort" name="testHeapSortingSourceUnsortedArrayWith1000Elements" time="0.041"/>
  <testcase classname="com.sorting.TestingHeapSort" name="testHeapSortingSourceAscendingArrayWith1000Elements" time="0.009"/>
  <testcase classname="com.sorting.TestingHeapSort" name="testHeapSortingSourceAscendingArrayWith10000Elements" time="0.032"/>
  <testcase classname="com.sorting.TestingHeapSort" name="testHeapSortingSourceDescendingArrayWith100Elements" time="0.002"/>
  <testcase classname="com.sorting.TestingHeapSort" name="testHeapSortingSourceDescendingArrayWith1000Elements" time="0.007"/>
  <testcase classname="com.sorting.TestingHeapSort" name="testHeapSortingSourceDescendingArrayWith10000Elements" time="0.025"/>
  <testcase classname="com.sorting.TestingHeapSort" name="testHeapSortingSourceUnsortedArrayWith10000Elements" time="0.024"/>
  <testcase classname="com.sorting.TestingHeapSort" name="testHeapSortingSourceUnsortedArrayWith100Elements" time="0.002"/>
  <testcase classname="com.sorting.TestingHeapSort" name="testHeapSortingSourceDescendingArrayWith10Elements" time="0.002"/>
  <testcase classname="com.sorting.TestingHeapSort" name="testHeapSortingSourceUnsortedArrayWith10Elements" time="0.002"/>
  <testcase classname="com.sorting.TestingHeapSort" name="testHeapSortingSourceAscendingArrayWith100Elements" time="0.001"/>
  <testcase classname="com.sorting.TestingHeapSort" name="testHeapSortingSourceAscendingArrayWith10Elements" time="0.001"/>
</testsuite>